
*** Running vivado
    with args -log floating_point_MAC.vds -m64 -product Vivado -mode batch -messageDb vivado.pb -notrace -source floating_point_MAC.tcl

awk: symbol lookup error: awk: undefined symbol: mpfr_z_sub

****** Vivado v2016.4 (64-bit)
  **** SW Build 1756540 on Mon Jan 23 19:11:19 MST 2017
  **** IP Build 1755317 on Mon Jan 23 20:30:07 MST 2017
    ** Copyright 1986-2016 Xilinx, Inc. All Rights Reserved.

source floating_point_MAC.tcl -notrace
awk: symbol lookup error: awk: undefined symbol: mpfr_z_sub
Starting RTL Elaboration : Time (s): cpu = 00:00:05 ; elapsed = 00:00:06 . Memory (MB): peak = 1081.352 ; gain = 148.086 ; free physical = 4245 ; free virtual = 13995
INFO: [Synth 8-638] synthesizing module 'floating_point_MAC' [/csehome/sdu6342/lab2_0316/lab2_0316.srcs/sources_1/ip/floating_point_MAC/synth/floating_point_MAC.vhd:74]
INFO: [Synth 8-256] done synthesizing module 'floating_point_MAC' (35#1) [/csehome/sdu6342/lab2_0316/lab2_0316.srcs/sources_1/ip/floating_point_MAC/synth/floating_point_MAC.vhd:74]
Finished RTL Elaboration : Time (s): cpu = 00:00:10 ; elapsed = 00:00:10 . Memory (MB): peak = 1186.820 ; gain = 253.555 ; free physical = 4137 ; free virtual = 13889
Finished RTL Optimization Phase 1 : Time (s): cpu = 00:00:10 ; elapsed = 00:00:10 . Memory (MB): peak = 1186.820 ; gain = 253.555 ; free physical = 4136 ; free virtual = 13888
INFO: [Device 21-403] Loading part xc7z020clg484-1
Constraint Validation Runtime : Time (s): cpu = 00:00:00.05 ; elapsed = 00:00:00.04 . Memory (MB): peak = 1456.688 ; gain = 0.000 ; free physical = 3928 ; free virtual = 13730
Finished Constraint Validation : Time (s): cpu = 00:00:17 ; elapsed = 00:00:18 . Memory (MB): peak = 1456.688 ; gain = 523.422 ; free physical = 3927 ; free virtual = 13729
Finished Loading Part and Timing Information : Time (s): cpu = 00:00:17 ; elapsed = 00:00:18 . Memory (MB): peak = 1456.688 ; gain = 523.422 ; free physical = 3927 ; free virtual = 13729
Finished applying 'set_property' XDC Constraints : Time (s): cpu = 00:00:17 ; elapsed = 00:00:18 . Memory (MB): peak = 1456.688 ; gain = 523.422 ; free physical = 3927 ; free virtual = 13729
Finished RTL Optimization Phase 2 : Time (s): cpu = 00:00:19 ; elapsed = 00:00:20 . Memory (MB): peak = 1456.688 ; gain = 523.422 ; free physical = 3919 ; free virtual = 13721
Finished Cross Boundary and Area Optimization : Time (s): cpu = 00:00:21 ; elapsed = 00:00:22 . Memory (MB): peak = 1456.688 ; gain = 523.422 ; free physical = 3909 ; free virtual = 13713
Finished Applying XDC Timing Constraints : Time (s): cpu = 00:00:28 ; elapsed = 00:00:29 . Memory (MB): peak = 1485.688 ; gain = 552.422 ; free physical = 3843 ; free virtual = 13657
Finished Timing Optimization : Time (s): cpu = 00:00:28 ; elapsed = 00:00:29 . Memory (MB): peak = 1487.688 ; gain = 554.422 ; free physical = 3841 ; free virtual = 13655
Finished Technology Mapping : Time (s): cpu = 00:00:29 ; elapsed = 00:00:30 . Memory (MB): peak = 1516.734 ; gain = 583.469 ; free physical = 3812 ; free virtual = 13626
Finished IO Insertion : Time (s): cpu = 00:00:29 ; elapsed = 00:00:30 . Memory (MB): peak = 1516.734 ; gain = 583.469 ; free physical = 3811 ; free virtual = 13626
Finished Renaming Generated Instances : Time (s): cpu = 00:00:29 ; elapsed = 00:00:30 . Memory (MB): peak = 1516.734 ; gain = 583.469 ; free physical = 3811 ; free virtual = 13626
Finished Rebuilding User Hierarchy : Time (s): cpu = 00:00:30 ; elapsed = 00:00:30 . Memory (MB): peak = 1516.734 ; gain = 583.469 ; free physical = 3811 ; free virtual = 13625
Finished Renaming Generated Ports : Time (s): cpu = 00:00:30 ; elapsed = 00:00:30 . Memory (MB): peak = 1516.734 ; gain = 583.469 ; free physical = 3811 ; free virtual = 13625
Finished Handling Custom Attributes : Time (s): cpu = 00:00:30 ; elapsed = 00:00:30 . Memory (MB): peak = 1516.734 ; gain = 583.469 ; free physical = 3811 ; free virtual = 13626
Finished Renaming Generated Nets : Time (s): cpu = 00:00:30 ; elapsed = 00:00:30 . Memory (MB): peak = 1516.734 ; gain = 583.469 ; free physical = 3811 ; free virtual = 13626

Report Cell Usage: 
+------+----------+------+
|      |Cell      |Count |
+------+----------+------+
|1     |CARRY4    |     7|
|2     |DSP48E1   |     1|
|3     |DSP48E1_1 |     1|
|4     |LUT1      |    11|
|5     |LUT2      |   113|
|6     |LUT3      |   143|
|7     |LUT4      |   159|
|8     |LUT5      |    96|
|9     |LUT6      |   281|
|10    |MUXCY     |   223|
|11    |MUXF7     |     9|
|12    |MUXF8     |     1|
|13    |SRL16E    |    73|
|14    |XORCY     |    96|
|15    |FDE       |    33|
|16    |FDRE      |  1066|
+------+----------+------+
Finished Writing Synthesis Report : Time (s): cpu = 00:00:30 ; elapsed = 00:00:30 . Memory (MB): peak = 1516.734 ; gain = 583.469 ; free physical = 3811 ; free virtual = 13626
synth_design: Time (s): cpu = 00:00:29 ; elapsed = 00:00:30 . Memory (MB): peak = 1548.750 ; gain = 547.980 ; free physical = 3808 ; free virtual = 13625
