
*** Running vivado
    with args -log floating_point_0.vds -m64 -product Vivado -mode batch -messageDb vivado.pb -notrace -source floating_point_0.tcl

awk: symbol lookup error: awk: undefined symbol: mpfr_z_sub

****** Vivado v2016.4 (64-bit)
  **** SW Build 1756540 on Mon Jan 23 19:11:19 MST 2017
  **** IP Build 1755317 on Mon Jan 23 20:30:07 MST 2017
    ** Copyright 1986-2016 Xilinx, Inc. All Rights Reserved.

source floating_point_0.tcl -notrace
awk: symbol lookup error: awk: undefined symbol: mpfr_z_sub
Starting RTL Elaboration : Time (s): cpu = 00:00:06 ; elapsed = 00:00:06 . Memory (MB): peak = 1081.352 ; gain = 148.086 ; free physical = 2932 ; free virtual = 13213
INFO: [Synth 8-638] synthesizing module 'floating_point_0' [/csehome/sdu6342/lab04_0330/lab04_0330.srcs/sources_1/ip/floating_point_0/synth/floating_point_0.vhd:74]
INFO: [Synth 8-256] done synthesizing module 'floating_point_0' (35#1) [/csehome/sdu6342/lab04_0330/lab04_0330.srcs/sources_1/ip/floating_point_0/synth/floating_point_0.vhd:74]
Finished RTL Elaboration : Time (s): cpu = 00:00:10 ; elapsed = 00:00:10 . Memory (MB): peak = 1186.820 ; gain = 253.555 ; free physical = 2815 ; free virtual = 13101
Finished RTL Optimization Phase 1 : Time (s): cpu = 00:00:10 ; elapsed = 00:00:10 . Memory (MB): peak = 1186.820 ; gain = 253.555 ; free physical = 2796 ; free virtual = 13083
INFO: [Device 21-403] Loading part xc7z020clg484-1
Constraint Validation Runtime : Time (s): cpu = 00:00:00.06 ; elapsed = 00:00:00.02 . Memory (MB): peak = 1456.703 ; gain = 0.000 ; free physical = 2294 ; free virtual = 12686
Finished Constraint Validation : Time (s): cpu = 00:00:18 ; elapsed = 00:00:18 . Memory (MB): peak = 1456.703 ; gain = 523.438 ; free physical = 2608 ; free virtual = 13010
Finished Loading Part and Timing Information : Time (s): cpu = 00:00:18 ; elapsed = 00:00:18 . Memory (MB): peak = 1456.703 ; gain = 523.438 ; free physical = 2608 ; free virtual = 13010
Finished applying 'set_property' XDC Constraints : Time (s): cpu = 00:00:18 ; elapsed = 00:00:18 . Memory (MB): peak = 1456.703 ; gain = 523.438 ; free physical = 2608 ; free virtual = 13010
Finished RTL Optimization Phase 2 : Time (s): cpu = 00:00:19 ; elapsed = 00:00:20 . Memory (MB): peak = 1456.703 ; gain = 523.438 ; free physical = 2597 ; free virtual = 12999
Finished Cross Boundary and Area Optimization : Time (s): cpu = 00:00:22 ; elapsed = 00:00:22 . Memory (MB): peak = 1456.703 ; gain = 523.438 ; free physical = 2579 ; free virtual = 12986
Finished Applying XDC Timing Constraints : Time (s): cpu = 00:00:29 ; elapsed = 00:00:30 . Memory (MB): peak = 1486.703 ; gain = 553.438 ; free physical = 2513 ; free virtual = 12927
Finished Timing Optimization : Time (s): cpu = 00:00:29 ; elapsed = 00:00:30 . Memory (MB): peak = 1488.703 ; gain = 555.438 ; free physical = 2511 ; free virtual = 12925
Finished Technology Mapping : Time (s): cpu = 00:00:30 ; elapsed = 00:00:31 . Memory (MB): peak = 1516.742 ; gain = 583.477 ; free physical = 2482 ; free virtual = 12896
Finished IO Insertion : Time (s): cpu = 00:00:30 ; elapsed = 00:00:31 . Memory (MB): peak = 1516.742 ; gain = 583.477 ; free physical = 2482 ; free virtual = 12896
Finished Renaming Generated Instances : Time (s): cpu = 00:00:30 ; elapsed = 00:00:31 . Memory (MB): peak = 1516.742 ; gain = 583.477 ; free physical = 2482 ; free virtual = 12896
Finished Rebuilding User Hierarchy : Time (s): cpu = 00:00:30 ; elapsed = 00:00:31 . Memory (MB): peak = 1516.742 ; gain = 583.477 ; free physical = 2482 ; free virtual = 12896
Finished Renaming Generated Ports : Time (s): cpu = 00:00:31 ; elapsed = 00:00:31 . Memory (MB): peak = 1516.742 ; gain = 583.477 ; free physical = 2482 ; free virtual = 12896
Finished Handling Custom Attributes : Time (s): cpu = 00:00:31 ; elapsed = 00:00:31 . Memory (MB): peak = 1516.742 ; gain = 583.477 ; free physical = 2482 ; free virtual = 12896
Finished Renaming Generated Nets : Time (s): cpu = 00:00:31 ; elapsed = 00:00:31 . Memory (MB): peak = 1516.742 ; gain = 583.477 ; free physical = 2482 ; free virtual = 12896

Report Cell Usage: 
+------+----------+------+
|      |Cell      |Count |
+------+----------+------+
|1     |CARRY4    |     7|
|2     |DSP48E1   |     1|
|3     |DSP48E1_1 |     1|
|4     |LUT1      |    11|
|5     |LUT2      |   113|
|6     |LUT3      |   143|
|7     |LUT4      |   159|
|8     |LUT5      |    96|
|9     |LUT6      |   281|
|10    |MUXCY     |   223|
|11    |MUXF7     |     9|
|12    |MUXF8     |     1|
|13    |SRL16E    |    73|
|14    |XORCY     |    96|
|15    |FDE       |    33|
|16    |FDRE      |  1066|
+------+----------+------+
Finished Writing Synthesis Report : Time (s): cpu = 00:00:31 ; elapsed = 00:00:31 . Memory (MB): peak = 1516.742 ; gain = 583.477 ; free physical = 2482 ; free virtual = 12896
synth_design: Time (s): cpu = 00:00:30 ; elapsed = 00:00:30 . Memory (MB): peak = 1548.758 ; gain = 547.988 ; free physical = 2481 ; free virtual = 12898
